[2010-08-17 Tue 03:26:20]DEBUG   "eq (add 4 (add x (add 6 y))) 0 ----> eq (add 4 (add x (add 6 y))) 0"
[2010-08-17 Tue 03:26:34]DEBUG   "eq (mul x a) 0 ----> eq (mul x a) 0"
[2010-08-17 Tue 03:26:34]DEBUG   "eq (mul x a) 0 ----> eq (mul x a) 0"
[2010-08-17 Tue 03:26:37]DEBUG   "eq (0 (add 4 x)) 0 ----> eq (0 (add 4 x)) 0"
[2010-08-17 Tue 03:26:37]DEBUG   "eq (0 (add 4 x)) 0 ----> eq (0 (add 4 x)) 0"
[2010-08-17 Tue 03:26:37]DEBUG   "eq (0 (add 4 x)) 0 ----> eq (0 (add 4 x)) 0"
[2010-08-17 Tue 03:28:34]DEBUG   "eq (add x (add y (add z x))) 0 ----> eq (add x (add y (add z x))) 0"
[2010-08-17 Tue 03:28:34]DEBUG   "eq (add x (add y (add z x))) 0 ----> eq (add x (add y (add z x))) 0"
[2010-08-17 Tue 03:28:34]DEBUG   "eq (add x (add y (add z x))) 0 ----> eq (add x (add y (add z x))) 0"
[2010-08-17 Tue 03:28:34]DEBUG   "eq (add x (add y (add z x))) 0 ----> eq (add x (add y (add z x))) 0"
[2010-08-17 Tue 03:28:38]DEBUG   "eq (0 2) 0 ----> eq (0 2) 0"
[2010-08-17 Tue 03:28:38]DEBUG   "eq (0 2) 0 ----> eq (0 2) 0"
[2010-08-17 Tue 03:28:38]DEBUG   "eq (0 2) 0 ----> eq (0 2) 0"
[2010-08-17 Tue 03:28:38]DEBUG   "eq (0 2) 0 ----> eq (0 2) 0"
[2010-08-17 Tue 03:28:38]DEBUG   "eq (0 2) 0 ----> eq (0 2) 0"
[2010-08-17 Tue 03:28:39]DEBUG   "eq (0 0) 0 ----> eq (0 0) 0"
[2010-08-17 Tue 03:28:39]DEBUG   "eq (0 0) 0 ----> eq (0 0) 0"
[2010-08-17 Tue 03:28:39]DEBUG   "eq (0 0) 0 ----> eq (0 0) 0"
[2010-08-17 Tue 03:28:39]DEBUG   "eq (0 0) 0 ----> eq (0 0) 0"
[2010-08-17 Tue 03:28:39]DEBUG   "eq (0 0) 0 ----> eq (0 0) 0"
[2010-08-17 Tue 03:28:39]DEBUG   "eq (0 0) 0 ----> eq (0 0) 0"
[2010-08-17 Tue 03:28:53]INFO    "Worker exiting (pid: 17820)"
[2010-08-17 Tue 03:28:53]INFO    "Worker exiting (pid: 17820)"
[2010-08-17 Tue 03:28:53]INFO    "Worker exiting (pid: 17820)"
[2010-08-17 Tue 03:28:53]INFO    "Worker exiting (pid: 17820)"
[2010-08-17 Tue 03:28:53]INFO    "Worker exiting (pid: 17820)"
[2010-08-17 Tue 03:28:53]INFO    "Worker exiting (pid: 17820)"
[2010-08-17 Tue 03:29:02]DEBUG   "eq (add 4 (add x (add 6 y))) 0 ----> eq (add 4 (add x (add 6 y))) 0"
[2010-08-17 Tue 03:29:05]DEBUG   "eq (0 a) 0 ----> eq (0 a) 0"
[2010-08-17 Tue 03:29:05]DEBUG   "eq (0 a) 0 ----> eq (0 a) 0"
[2010-08-17 Tue 03:33:38]INFO    "Worker exiting (pid: 17897)"
[2010-08-17 Tue 03:33:38]INFO    "Worker exiting (pid: 17897)"
[2010-08-17 Tue 03:33:54]DEBUG   "eq (mul x a) 0 ----> eq (mul a x) 0"
[2010-08-17 Tue 03:34:06]DEBUG   "eq (add 4 (add x (add 6 y))) 0 ----> eq (add 4 (add x (add 6 y))) 0"
[2010-08-17 Tue 03:34:06]DEBUG   "eq (add 4 (add x (add 6 y))) 0 ----> eq (add 4 (add x (add 6 y))) 0"
[2010-08-17 Tue 03:34:19]INFO    "Worker exiting (pid: 17974)"
[2010-08-17 Tue 03:34:19]INFO    "Worker exiting (pid: 17974)"
[2010-08-17 Tue 03:36:36]DEBUG   "eq (powr x (add 4 x)) 0 ----> eq (powr x (add 4 x)) 0"
[2010-08-17 Tue 03:36:39]DEBUG   "eq (0 a) 0 ----> eq (0 a) 0"
[2010-08-17 Tue 03:36:39]DEBUG   "eq (0 a) 0 ----> eq (0 a) 0"
[2010-08-17 Tue 03:36:42]DEBUG   "eq (powr x 2) 0 ----> eq (powr x 2) 0"
[2010-08-17 Tue 03:36:42]DEBUG   "eq (powr x 2) 0 ----> eq (powr x 2) 0"
[2010-08-17 Tue 03:36:42]DEBUG   "eq (powr x 2) 0 ----> eq (powr x 2) 0"
[2010-08-17 Tue 03:36:45]DEBUG   "eq (powr x 0) 0 ----> eq (powr x 0) 0"
[2010-08-17 Tue 03:36:45]DEBUG   "eq (powr x 0) 0 ----> eq (powr x 0) 0"
[2010-08-17 Tue 03:36:45]DEBUG   "eq (powr x 0) 0 ----> eq (powr x 0) 0"
[2010-08-17 Tue 03:36:45]DEBUG   "eq (powr x 0) 0 ----> eq (powr x 0) 0"
[2010-08-17 Tue 03:36:49]DEBUG   "eq (powr x (add 4 x)) 0 ----> eq (powr x (add 4 x)) 0"
[2010-08-17 Tue 03:36:49]DEBUG   "eq (powr x (add 4 x)) 0 ----> eq (powr x (add 4 x)) 0"
[2010-08-17 Tue 03:36:49]DEBUG   "eq (powr x (add 4 x)) 0 ----> eq (powr x (add 4 x)) 0"
[2010-08-17 Tue 03:36:49]DEBUG   "eq (powr x (add 4 x)) 0 ----> eq (powr x (add 4 x)) 0"
[2010-08-17 Tue 03:36:49]DEBUG   "eq (powr x (add 4 x)) 0 ----> eq (powr x (add 4 x)) 0"
[2010-08-17 Tue 03:36:52]DEBUG   "eq (add 4 (add x (add 6 y))) 0 ----> eq (add 4 (add x (add 6 y))) 0"
[2010-08-17 Tue 03:36:52]DEBUG   "eq (add 4 (add x (add 6 y))) 0 ----> eq (add 4 (add x (add 6 y))) 0"
[2010-08-17 Tue 03:36:52]DEBUG   "eq (add 4 (add x (add 6 y))) 0 ----> eq (add 4 (add x (add 6 y))) 0"
[2010-08-17 Tue 03:36:52]DEBUG   "eq (add 4 (add x (add 6 y))) 0 ----> eq (add 4 (add x (add 6 y))) 0"
[2010-08-17 Tue 03:36:52]DEBUG   "eq (add 4 (add x (add 6 y))) 0 ----> eq (add 4 (add x (add 6 y))) 0"
[2010-08-17 Tue 03:36:52]DEBUG   "eq (add 4 (add x (add 6 y))) 0 ----> eq (add 4 (add x (add 6 y))) 0"
[2010-08-17 Tue 03:37:22]INFO    "Worker exiting (pid: 18025)"
[2010-08-17 Tue 03:37:22]INFO    "Worker exiting (pid: 18025)"
[2010-08-17 Tue 03:37:22]INFO    "Worker exiting (pid: 18025)"
[2010-08-17 Tue 03:37:22]INFO    "Worker exiting (pid: 18025)"
[2010-08-17 Tue 03:37:22]INFO    "Worker exiting (pid: 18025)"
[2010-08-17 Tue 03:37:36]DEBUG   "eq (mul x a) 0 ----> eq (mul x a) 0"
[2010-08-17 Tue 03:37:41]DEBUG   "eq (powr x (add 4 x)) 0 ----> eq (powr x (add 4 x)) 0"
[2010-08-17 Tue 03:37:41]DEBUG   "eq (powr x (add 4 x)) 0 ----> eq (powr x (add 4 x)) 0"
[2010-08-17 Tue 03:37:43]DEBUG   "eq (powr x 2) 0 ----> eq (powr x 2) 0"
[2010-08-17 Tue 03:37:43]DEBUG   "eq (powr x 2) 0 ----> eq (powr x 2) 0"
[2010-08-17 Tue 03:37:43]DEBUG   "eq (powr x 2) 0 ----> eq (powr x 2) 0"
[2010-08-17 Tue 03:37:45]DEBUG   "eq (powr x 0) 0 ----> eq (powr x 0) 0"
[2010-08-17 Tue 03:37:45]DEBUG   "eq (powr x 0) 0 ----> eq (powr x 0) 0"
[2010-08-17 Tue 03:37:45]DEBUG   "eq (powr x 0) 0 ----> eq (powr x 0) 0"
[2010-08-17 Tue 03:37:45]DEBUG   "eq (powr x 0) 0 ----> eq (powr x 0) 0"
[2010-08-17 Tue 03:37:49]INFO    "Worker exiting (pid: 18047)"
[2010-08-17 Tue 03:37:49]INFO    "Worker exiting (pid: 18047)"
[2010-08-17 Tue 03:37:49]INFO    "Worker exiting (pid: 18047)"
[2010-08-17 Tue 03:37:49]INFO    "Worker exiting (pid: 18047)"
[2010-08-17 Tue 03:37:57]DEBUG   "eq (add 4 (add x (add 6 y))) 0 ----> eq (add 4 (add x (add 6 y))) 0"
[2010-08-17 Tue 03:37:59]DEBUG   "eq (0 a) 0 ----> eq (0 a) 0"
[2010-08-17 Tue 03:37:59]DEBUG   "eq (0 a) 0 ----> eq (0 a) 0"
[2010-08-17 Tue 03:39:30]INFO    "Worker exiting (pid: 18058)"
[2010-08-17 Tue 03:39:30]INFO    "Worker exiting (pid: 18058)"
[2010-08-17 Tue 03:39:43]DEBUG   "eq (add 4 (add x (add 6 y))) 0 ----> eq (add 4 (add x (add 6 y))) 0"
[2010-08-17 Tue 03:39:46]DEBUG   "eq (0 a) 0 ----> eq (0 a) 0"
[2010-08-17 Tue 03:39:46]DEBUG   "eq (0 a) 0 ----> eq (0 a) 0"
[2010-08-17 Tue 03:39:50]DEBUG   "eq (powr x (add 4 x)) 0 ----> eq (powr x (add 4 x)) 0"
[2010-08-17 Tue 03:39:50]DEBUG   "eq (powr x (add 4 x)) 0 ----> eq (powr x (add 4 x)) 0"
[2010-08-17 Tue 03:39:50]DEBUG   "eq (powr x (add 4 x)) 0 ----> eq (powr x (add 4 x)) 0"
[2010-08-17 Tue 03:39:53]DEBUG   "eq (powr x 2) 0 ----> eq (powr x 2) 0"
[2010-08-17 Tue 03:39:53]DEBUG   "eq (powr x 2) 0 ----> eq (powr x 2) 0"
[2010-08-17 Tue 03:39:53]DEBUG   "eq (powr x 2) 0 ----> eq (powr x 2) 0"
[2010-08-17 Tue 03:39:53]DEBUG   "eq (powr x 2) 0 ----> eq (powr x 2) 0"
[2010-08-17 Tue 03:44:47]DEBUG   "eq (powr x 2) 0 ----> eq (powr x 2) 0"
[2010-08-17 Tue 03:44:47]DEBUG   "eq (powr x 2) 0 ----> eq (powr x 2) 0"
[2010-08-17 Tue 03:44:47]DEBUG   "eq (powr x 2) 0 ----> eq (powr x 2) 0"
[2010-08-17 Tue 03:44:47]DEBUG   "eq (powr x 2) 0 ----> eq (powr x 2) 0"
[2010-08-17 Tue 03:44:47]DEBUG   "eq (powr x 2) 0 ----> eq (powr x 2) 0"
[2010-08-17 Tue 03:44:49]DEBUG   "eq (powr x (add 4 x)) 0 ----> eq (powr x (add 4 x)) 0"
[2010-08-17 Tue 03:44:49]DEBUG   "eq (powr x (add 4 x)) 0 ----> eq (powr x (add 4 x)) 0"
[2010-08-17 Tue 03:44:49]DEBUG   "eq (powr x (add 4 x)) 0 ----> eq (powr x (add 4 x)) 0"
[2010-08-17 Tue 03:44:49]DEBUG   "eq (powr x (add 4 x)) 0 ----> eq (powr x (add 4 x)) 0"
[2010-08-17 Tue 03:44:49]DEBUG   "eq (powr x (add 4 x)) 0 ----> eq (powr x (add 4 x)) 0"
[2010-08-17 Tue 03:44:49]DEBUG   "eq (powr x (add 4 x)) 0 ----> eq (powr x (add 4 x)) 0"
[2010-08-17 Tue 03:44:51]DEBUG   "eq (0 a) 0 ----> eq (0 a) 0"
[2010-08-17 Tue 03:44:51]DEBUG   "eq (0 a) 0 ----> eq (0 a) 0"
[2010-08-17 Tue 03:44:51]DEBUG   "eq (0 a) 0 ----> eq (0 a) 0"
[2010-08-17 Tue 03:44:51]DEBUG   "eq (0 a) 0 ----> eq (0 a) 0"
[2010-08-17 Tue 03:44:51]DEBUG   "eq (0 a) 0 ----> eq (0 a) 0"
[2010-08-17 Tue 03:44:51]DEBUG   "eq (0 a) 0 ----> eq (0 a) 0"
[2010-08-17 Tue 03:44:51]DEBUG   "eq (0 a) 0 ----> eq (0 a) 0"
[2010-08-17 Tue 03:44:54]DEBUG   "eq (add x (add y (add z x))) 0 ----> eq (add x (add y (add z x))) 0"
[2010-08-17 Tue 03:44:54]DEBUG   "eq (add x (add y (add z x))) 0 ----> eq (add x (add y (add z x))) 0"
[2010-08-17 Tue 03:44:54]DEBUG   "eq (add x (add y (add z x))) 0 ----> eq (add x (add y (add z x))) 0"
[2010-08-17 Tue 03:44:54]DEBUG   "eq (add x (add y (add z x))) 0 ----> eq (add x (add y (add z x))) 0"
[2010-08-17 Tue 03:44:54]DEBUG   "eq (add x (add y (add z x))) 0 ----> eq (add x (add y (add z x))) 0"
[2010-08-17 Tue 03:44:54]DEBUG   "eq (add x (add y (add z x))) 0 ----> eq (add x (add y (add z x))) 0"
[2010-08-17 Tue 03:44:54]DEBUG   "eq (add x (add y (add z x))) 0 ----> eq (add x (add y (add z x))) 0"
[2010-08-17 Tue 03:44:54]DEBUG   "eq (add x (add y (add z x))) 0 ----> eq (add x (add y (add z x))) 0"
[2010-08-17 Tue 03:44:56]DEBUG   "eq (add 4 (add x (add 6 y))) 0 ----> eq (add 4 (add x (add 6 y))) 0"
[2010-08-17 Tue 03:44:56]DEBUG   "eq (add 4 (add x (add 6 y))) 0 ----> eq (add 4 (add x (add 6 y))) 0"
[2010-08-17 Tue 03:44:56]DEBUG   "eq (add 4 (add x (add 6 y))) 0 ----> eq (add 4 (add x (add 6 y))) 0"
[2010-08-17 Tue 03:44:56]DEBUG   "eq (add 4 (add x (add 6 y))) 0 ----> eq (add 4 (add x (add 6 y))) 0"
[2010-08-17 Tue 03:44:56]DEBUG   "eq (add 4 (add x (add 6 y))) 0 ----> eq (add 4 (add x (add 6 y))) 0"
[2010-08-17 Tue 03:44:56]DEBUG   "eq (add 4 (add x (add 6 y))) 0 ----> eq (add 4 (add x (add 6 y))) 0"
[2010-08-17 Tue 03:44:56]DEBUG   "eq (add 4 (add x (add 6 y))) 0 ----> eq (add 4 (add x (add 6 y))) 0"
[2010-08-17 Tue 03:44:56]DEBUG   "eq (add 4 (add x (add 6 y))) 0 ----> eq (add 4 (add x (add 6 y))) 0"
[2010-08-17 Tue 03:44:56]DEBUG   "eq (add 4 (add x (add 6 y))) 0 ----> eq (add 4 (add x (add 6 y))) 0"
[2010-08-17 Tue 03:44:59]DEBUG   "eq (powr x 2) 0 ----> eq (powr x 2) 0"
[2010-08-17 Tue 03:44:59]DEBUG   "eq (powr x 2) 0 ----> eq (powr x 2) 0"
[2010-08-17 Tue 03:44:59]DEBUG   "eq (powr x 2) 0 ----> eq (powr x 2) 0"
[2010-08-17 Tue 03:44:59]DEBUG   "eq (powr x 2) 0 ----> eq (powr x 2) 0"
[2010-08-17 Tue 03:44:59]DEBUG   "eq (powr x 2) 0 ----> eq (powr x 2) 0"
[2010-08-17 Tue 03:44:59]DEBUG   "eq (powr x 2) 0 ----> eq (powr x 2) 0"
[2010-08-17 Tue 03:44:59]DEBUG   "eq (powr x 2) 0 ----> eq (powr x 2) 0"
[2010-08-17 Tue 03:44:59]DEBUG   "eq (powr x 2) 0 ----> eq (powr x 2) 0"
[2010-08-17 Tue 03:44:59]DEBUG   "eq (powr x 2) 0 ----> eq (powr x 2) 0"
[2010-08-17 Tue 03:44:59]DEBUG   "eq (powr x 2) 0 ----> eq (powr x 2) 0"
[2010-08-17 Tue 03:59:54]DEBUG   "eq (powr x 0) 0 ----> eq (powr x 0) 0"
[2010-08-17 Tue 03:59:54]DEBUG   "eq (powr x 0) 0 ----> eq (powr x 0) 0"
[2010-08-17 Tue 03:59:54]DEBUG   "eq (powr x 0) 0 ----> eq (powr x 0) 0"
[2010-08-17 Tue 03:59:54]DEBUG   "eq (powr x 0) 0 ----> eq (powr x 0) 0"
[2010-08-17 Tue 03:59:54]DEBUG   "eq (powr x 0) 0 ----> eq (powr x 0) 0"
[2010-08-17 Tue 03:59:54]DEBUG   "eq (powr x 0) 0 ----> eq (powr x 0) 0"
[2010-08-17 Tue 03:59:54]DEBUG   "eq (powr x 0) 0 ----> eq (powr x 0) 0"
[2010-08-17 Tue 03:59:54]DEBUG   "eq (powr x 0) 0 ----> eq (powr x 0) 0"
[2010-08-17 Tue 03:59:54]DEBUG   "eq (powr x 0) 0 ----> eq (powr x 0) 0"
[2010-08-17 Tue 03:59:54]DEBUG   "eq (powr x 0) 0 ----> eq (powr x 0) 0"
[2010-08-17 Tue 03:59:54]DEBUG   "eq (powr x 0) 0 ----> eq (powr x 0) 0"
[2010-08-17 Tue 03:59:58]DEBUG   "eq (powr x 0) 0 ----> eq (powr x 0) 0"
[2010-08-17 Tue 03:59:58]DEBUG   "eq (powr x 0) 0 ----> eq (powr x 0) 0"
[2010-08-17 Tue 03:59:58]DEBUG   "eq (powr x 0) 0 ----> eq (powr x 0) 0"
[2010-08-17 Tue 03:59:58]DEBUG   "eq (powr x 0) 0 ----> eq (powr x 0) 0"
[2010-08-17 Tue 03:59:58]DEBUG   "eq (powr x 0) 0 ----> eq (powr x 0) 0"
[2010-08-17 Tue 03:59:58]DEBUG   "eq (powr x 0) 0 ----> eq (powr x 0) 0"
[2010-08-17 Tue 03:59:58]DEBUG   "eq (powr x 0) 0 ----> eq (powr x 0) 0"
[2010-08-17 Tue 03:59:58]DEBUG   "eq (powr x 0) 0 ----> eq (powr x 0) 0"
[2010-08-17 Tue 03:59:58]DEBUG   "eq (powr x 0) 0 ----> eq (powr x 0) 0"
[2010-08-17 Tue 03:59:58]DEBUG   "eq (powr x 0) 0 ----> eq (powr x 0) 0"
[2010-08-17 Tue 03:59:58]DEBUG   "eq (powr x 0) 0 ----> eq (powr x 0) 0"
[2010-08-17 Tue 03:59:58]DEBUG   "eq (powr x 0) 0 ----> eq (powr x 0) 0"
[2010-08-17 Tue 04:00:00]DEBUG   "eq (0 a) 0 ----> eq (0 a) 0"
[2010-08-17 Tue 04:00:00]DEBUG   "eq (0 a) 0 ----> eq (0 a) 0"
[2010-08-17 Tue 04:00:00]DEBUG   "eq (0 a) 0 ----> eq (0 a) 0"
[2010-08-17 Tue 04:00:00]DEBUG   "eq (0 a) 0 ----> eq (0 a) 0"
[2010-08-17 Tue 04:00:00]DEBUG   "eq (0 a) 0 ----> eq (0 a) 0"
[2010-08-17 Tue 04:00:00]DEBUG   "eq (0 a) 0 ----> eq (0 a) 0"
[2010-08-17 Tue 04:00:00]DEBUG   "eq (0 a) 0 ----> eq (0 a) 0"
[2010-08-17 Tue 04:00:00]DEBUG   "eq (0 a) 0 ----> eq (0 a) 0"
[2010-08-17 Tue 04:00:00]DEBUG   "eq (0 a) 0 ----> eq (0 a) 0"
[2010-08-17 Tue 04:00:00]DEBUG   "eq (0 a) 0 ----> eq (0 a) 0"
[2010-08-17 Tue 04:00:00]DEBUG   "eq (0 a) 0 ----> eq (0 a) 0"
[2010-08-17 Tue 04:00:00]DEBUG   "eq (0 a) 0 ----> eq (0 a) 0"
[2010-08-17 Tue 04:00:00]DEBUG   "eq (0 a) 0 ----> eq (0 a) 0"
[2010-08-17 Tue 04:03:09]INFO    "Worker exiting (pid: 18081)"
[2010-08-17 Tue 04:03:09]INFO    "Worker exiting (pid: 18081)"
[2010-08-17 Tue 04:03:09]INFO    "Worker exiting (pid: 18081)"
[2010-08-17 Tue 04:03:09]INFO    "Worker exiting (pid: 18081)"
[2010-08-17 Tue 04:03:21]DEBUG   "eq (powr x 2) 0 ----> eq (powr x 2) 0"
[2010-08-17 Tue 04:03:24]DEBUG   "eq (0 a) 0 ----> eq (0 a) 0"
[2010-08-17 Tue 04:03:24]DEBUG   "eq (0 a) 0 ----> eq (0 a) 0"
[2010-08-17 Tue 04:06:53]INFO    "Worker exiting (pid: 18476)"
[2010-08-17 Tue 04:06:53]INFO    "Worker exiting (pid: 18476)"
[2010-08-17 Tue 04:07:14]DEBUG   "eq (add 4 (add x (add 6 y))) 0 ----> eq (add 4 (add x (add 6 y))) 0"
[2010-08-17 Tue 04:07:21]DEBUG   "eq (add 4 (add x (add 6 y))) 0 ----> eq (add 4 (add x (add 6 y))) 0"
[2010-08-17 Tue 04:07:21]DEBUG   "eq (add 4 (add x (add 6 y))) 0 ----> eq (add 4 (add x (add 6 y))) 0"
[2010-08-17 Tue 04:07:24]DEBUG   "eq (powr x 0) 0 ----> eq (powr x 0) 0"
[2010-08-17 Tue 04:07:24]DEBUG   "eq (powr x 0) 0 ----> eq (powr x 0) 0"
[2010-08-17 Tue 04:07:24]DEBUG   "eq (powr x 0) 0 ----> eq (powr x 0) 0"
[2010-08-17 Tue 04:07:27]DEBUG   "eq (powr x 2) 0 ----> eq (powr x 2) 0"
[2010-08-17 Tue 04:07:27]DEBUG   "eq (powr x 2) 0 ----> eq (powr x 2) 0"
[2010-08-17 Tue 04:07:27]DEBUG   "eq (powr x 2) 0 ----> eq (powr x 2) 0"
[2010-08-17 Tue 04:07:27]DEBUG   "eq (powr x 2) 0 ----> eq (powr x 2) 0"
[2010-08-17 Tue 04:07:32]DEBUG   "eq (powr x (add 4 x)) 0 ----> eq (powr x (add 4 x)) 0"
[2010-08-17 Tue 04:07:32]DEBUG   "eq (powr x (add 4 x)) 0 ----> eq (powr x (add 4 x)) 0"
[2010-08-17 Tue 04:07:32]DEBUG   "eq (powr x (add 4 x)) 0 ----> eq (powr x (add 4 x)) 0"
[2010-08-17 Tue 04:07:32]DEBUG   "eq (powr x (add 4 x)) 0 ----> eq (powr x (add 4 x)) 0"
[2010-08-17 Tue 04:07:32]DEBUG   "eq (powr x (add 4 x)) 0 ----> eq (powr x (add 4 x)) 0"
[2010-08-17 Tue 04:21:58]INFO    "Worker exiting (pid: 18498)"
[2010-08-17 Tue 04:21:58]INFO    "Worker exiting (pid: 18498)"
[2010-08-17 Tue 04:21:58]INFO    "Worker exiting (pid: 18498)"
[2010-08-17 Tue 04:21:58]INFO    "Worker exiting (pid: 18498)"
[2010-08-17 Tue 04:21:58]INFO    "Worker exiting (pid: 18498)"
[2010-08-17 Tue 04:28:33]DEBUG   "eq (add 4 (add x (add 6 y))) 0 ----> None"
[2010-08-17 Tue 04:30:10]INFO    "Worker exiting (pid: 18696)"
[2010-08-17 Tue 04:30:23]DEBUG   "eq (add 4 (add x (add 6 y))) 0 ----> None"
[2010-08-17 Tue 04:30:26]DEBUG   "eq (0 a) 0 ----> None"
[2010-08-17 Tue 04:30:26]DEBUG   "eq (0 a) 0 ----> None"
[2010-08-17 Tue 04:31:41]INFO    "Worker exiting (pid: 18705)"
[2010-08-17 Tue 04:31:41]INFO    "Worker exiting (pid: 18705)"
[2010-08-17 Tue 04:31:54]DEBUG   "eq (add 4 (add x (add 6 y))) 0 ----> ()"
[2010-08-17 Tue 04:31:58]DEBUG   "eq (0 a) 0 ----> ()"
[2010-08-17 Tue 04:31:58]DEBUG   "eq (0 a) 0 ----> ()"
[2010-08-17 Tue 04:33:01]INFO    "Worker exiting (pid: 18729)"
[2010-08-17 Tue 04:33:01]INFO    "Worker exiting (pid: 18729)"
[2010-08-17 Tue 04:33:08]DEBUG   "eq (add 4 (add x (add 6 y))) 0 ----> ()"
[2010-08-17 Tue 04:33:16]DEBUG   "eq (0 a) 0 ----> ()"
[2010-08-17 Tue 04:33:16]DEBUG   "eq (0 a) 0 ----> ()"
[2010-08-17 Tue 04:34:30]INFO    "Worker exiting (pid: 18752)"
[2010-08-17 Tue 04:34:30]INFO    "Worker exiting (pid: 18752)"
[2010-08-17 Tue 20:23:52]DEBUG   "eq (add 4 (add x (add 6 y))) 0 ----> None"
[2010-08-17 Tue 20:44:08]INFO    "Worker exiting (pid: 23909)"
[2010-08-17 Tue 20:44:40]DEBUG   "eq (add 4 (add x (add 6 y))) 0 ----> None"
[2010-08-17 Tue 20:47:21]INFO    "Worker exiting (pid: 24219)"
[2010-08-17 Tue 20:55:11]DEBUG   "eq (add 4 (add x (add 6 y))) 0 ----> None"
[2010-08-17 Tue 20:55:35]INFO    "Worker exiting (pid: 24438)"
[2010-08-17 Tue 20:55:43]DEBUG   "eq (add 4 (add x (add 6 y))) 0 ----> None"
[2010-08-17 Tue 20:56:10]INFO    "Worker exiting (pid: 24454)"
[2010-08-17 Tue 21:19:29]DEBUG   "eq (add 4 (add x (add 6 y))) 0 ----> None"
[2010-08-17 Tue 21:20:39]INFO    "Worker exiting (pid: 24889)"
[2010-08-17 Tue 21:26:00]DEBUG   "eq (add 4 (add x (add 6 y))) 0 ----> None"
[2010-08-17 Tue 21:28:39]INFO    "Worker exiting (pid: 24913)"
[2010-08-17 Tue 21:38:03]DEBUG   "eq (add x (add y (add z x))) 0 ----> None"
[2010-08-17 Tue 21:42:30]INFO    "Worker exiting (pid: 25124)"
[2010-08-17 Tue 21:54:56]DEBUG   "eq (add 4 (add x (add 6 y))) 0 ----> None"
[2010-08-17 Tue 21:55:15]DEBUG   "eq (add 4 (add 3 (add 6 y))) 0 ----> None"
[2010-08-17 Tue 21:55:15]DEBUG   "eq (add 4 (add 3 (add 6 y))) 0 ----> None"
[2010-08-17 Tue 21:55:24]DEBUG   "eq (add 3 (add y (add z 3))) 0 ----> None"
[2010-08-17 Tue 21:55:24]DEBUG   "eq (add 3 (add y (add z 3))) 0 ----> None"
[2010-08-17 Tue 21:55:24]DEBUG   "eq (add 3 (add y (add z 3))) 0 ----> None"
[2010-08-17 Tue 21:56:14]INFO    "Worker exiting (pid: 25333)"
[2010-08-17 Tue 21:56:14]INFO    "Worker exiting (pid: 25333)"
[2010-08-17 Tue 21:56:14]INFO    "Worker exiting (pid: 25333)"
[2010-08-17 Tue 22:02:14]DEBUG   "eq (add 4 (add x (add 6 y))) 0 ----> None"
[2010-08-17 Tue 22:02:34]DEBUG   "eq (add 4 (add 3 (add 6 1))) 0 ----> None"
[2010-08-17 Tue 22:02:34]DEBUG   "eq (add 4 (add 3 (add 6 1))) 0 ----> None"
[2010-08-17 Tue 22:02:48]INFO    "Worker exiting (pid: 25539)"
[2010-08-17 Tue 22:02:48]INFO    "Worker exiting (pid: 25539)"
[2010-08-17 Tue 22:02:58]DEBUG   "eq (add 4 (add x (add 6 y))) 0 ----> None"
[2010-08-17 Tue 22:03:17]INFO    "Worker exiting (pid: 25560)"
[2010-08-19 Thu 22:53:11]DEBUG   "add x ----> add 4 (add 4 (add x (add 6 y))) 0"
[2010-08-19 Thu 22:53:27]DEBUG   "eq (add 4 (add x (add 6 y))) 0 ----> eq (add 4 (add x (add 6 y))) 0"
[2010-08-19 Thu 22:53:27]DEBUG   "eq (add 4 (add x (add 6 y))) 0 ----> eq (add 4 (add x (add 6 y))) 0"
[2010-08-19 Thu 22:53:29]DEBUG   "eq (add 4 (add x (add 6 y))) 0 ----> eq (add 4 (add x (add 6 y))) 0"
[2010-08-19 Thu 22:53:29]DEBUG   "eq (add 4 (add x (add 6 y))) 0 ----> eq (add 4 (add x (add 6 y))) 0"
[2010-08-19 Thu 22:53:29]DEBUG   "eq (add 4 (add x (add 6 y))) 0 ----> eq (add 4 (add x (add 6 y))) 0"
[2010-08-19 Thu 22:53:36]DEBUG   "eq (add 4 (add x (add 6 y))) 0 ----> eq (add 4 (add x (add 6 y))) 0"
[2010-08-19 Thu 22:53:36]DEBUG   "eq (add 4 (add x (add 6 y))) 0 ----> eq (add 4 (add x (add 6 y))) 0"
[2010-08-19 Thu 22:53:36]DEBUG   "eq (add 4 (add x (add 6 y))) 0 ----> eq (add 4 (add x (add 6 y))) 0"
[2010-08-19 Thu 22:53:36]DEBUG   "eq (add 4 (add x (add 6 y))) 0 ----> eq (add 4 (add x (add 6 y))) 0"
[2010-08-19 Thu 22:53:55]DEBUG   "eq (wiserefop 5 x) 0 ----> eq (wiserefop 5 x) 0"
[2010-08-19 Thu 22:53:55]DEBUG   "eq (wiserefop 5 x) 0 ----> eq (wiserefop 5 x) 0"
[2010-08-19 Thu 22:53:55]DEBUG   "eq (wiserefop 5 x) 0 ----> eq (wiserefop 5 x) 0"
[2010-08-19 Thu 22:53:55]DEBUG   "eq (wiserefop 5 x) 0 ----> eq (wiserefop 5 x) 0"
[2010-08-19 Thu 22:53:55]DEBUG   "eq (wiserefop 5 x) 0 ----> eq (wiserefop 5 x) 0"
[2010-08-19 Thu 22:53:58]DEBUG   "eq (wiserefop 5 x) 0 ----> eq (wiserefop 4 x) 0"
[2010-08-19 Thu 22:53:58]DEBUG   "eq (wiserefop 5 x) 0 ----> eq (wiserefop 4 x) 0"
[2010-08-19 Thu 22:53:58]DEBUG   "eq (wiserefop 5 x) 0 ----> eq (wiserefop 4 x) 0"
[2010-08-19 Thu 22:53:58]DEBUG   "eq (wiserefop 5 x) 0 ----> eq (wiserefop 4 x) 0"
[2010-08-19 Thu 22:53:58]DEBUG   "eq (wiserefop 5 x) 0 ----> eq (wiserefop 4 x) 0"
[2010-08-19 Thu 22:53:58]DEBUG   "eq (wiserefop 5 x) 0 ----> eq (wiserefop 4 x) 0"
[2010-08-19 Thu 22:55:01]DEBUG   "add 31 ----> add 4 (add 4 (add 31 (add 6 y))) 0"
[2010-08-19 Thu 22:55:12]DEBUG   "eq (add 4 (add x (add 6 y))) 0 ----> eq (add 4 (add 31 (add 6 y))) 0"
[2010-08-19 Thu 22:55:12]DEBUG   "eq (add 4 (add x (add 6 y))) 0 ----> eq (add 4 (add 31 (add 6 y))) 0"
[2010-08-19 Thu 22:55:15]DEBUG   "eq (add x (add y (add z x))) 0 ----> eq (add 31 (add y (add z 31))) 0"
[2010-08-19 Thu 22:55:15]DEBUG   "eq (add x (add y (add z x))) 0 ----> eq (add 31 (add y (add z 31))) 0"
[2010-08-19 Thu 22:55:15]DEBUG   "eq (add x (add y (add z x))) 0 ----> eq (add 31 (add y (add z 31))) 0"
[2010-08-19 Thu 22:55:19]DEBUG   "eq (mul x a) 0 ----> eq (mul 31 a) 0"
[2010-08-19 Thu 22:55:19]DEBUG   "eq (mul x a) 0 ----> eq (mul 31 a) 0"
[2010-08-19 Thu 22:55:19]DEBUG   "eq (mul x a) 0 ----> eq (mul 31 a) 0"
[2010-08-19 Thu 22:55:19]DEBUG   "eq (mul x a) 0 ----> eq (mul 31 a) 0"
[2010-08-19 Thu 22:55:23]DEBUG   "eq (powr x (add 4 x)) 0 ----> eq (powr 31 (add 4 31)) 0"
[2010-08-19 Thu 22:55:23]DEBUG   "eq (powr x (add 4 x)) 0 ----> eq (powr 31 (add 4 31)) 0"
[2010-08-19 Thu 22:55:23]DEBUG   "eq (powr x (add 4 x)) 0 ----> eq (powr 31 (add 4 31)) 0"
[2010-08-19 Thu 22:55:23]DEBUG   "eq (powr x (add 4 x)) 0 ----> eq (powr 31 (add 4 31)) 0"
[2010-08-19 Thu 22:55:23]DEBUG   "eq (powr x (add 4 x)) 0 ----> eq (powr 31 (add 4 31)) 0"
[2010-08-19 Thu 22:55:59]DEBUG   "eq (add 4 (add x (add 6 y))) 0 ----> eq (add 4 (add 31 (add 6 25))) 0"
[2010-08-19 Thu 22:55:59]DEBUG   "eq (add 4 (add x (add 6 y))) 0 ----> eq (add 4 (add 31 (add 6 25))) 0"
[2010-08-19 Thu 22:55:59]DEBUG   "eq (add 4 (add x (add 6 y))) 0 ----> eq (add 4 (add 31 (add 6 25))) 0"
[2010-08-19 Thu 22:55:59]DEBUG   "eq (add 4 (add x (add 6 y))) 0 ----> eq (add 4 (add 31 (add 6 25))) 0"
[2010-08-19 Thu 22:55:59]DEBUG   "eq (add 4 (add x (add 6 y))) 0 ----> eq (add 4 (add 31 (add 6 25))) 0"
[2010-08-19 Thu 22:55:59]DEBUG   "eq (add 4 (add x (add 6 y))) 0 ----> eq (add 4 (add 31 (add 6 25))) 0"
[2010-08-19 Thu 22:56:04]DEBUG   "eq (add x (add y (add z x))) 0 ----> eq (add 31 (add 25 (add z 31))) 0"
[2010-08-19 Thu 22:56:04]DEBUG   "eq (add x (add y (add z x))) 0 ----> eq (add 31 (add 25 (add z 31))) 0"
[2010-08-19 Thu 22:56:04]DEBUG   "eq (add x (add y (add z x))) 0 ----> eq (add 31 (add 25 (add z 31))) 0"
[2010-08-19 Thu 22:56:04]DEBUG   "eq (add x (add y (add z x))) 0 ----> eq (add 31 (add 25 (add z 31))) 0"
[2010-08-19 Thu 22:56:04]DEBUG   "eq (add x (add y (add z x))) 0 ----> eq (add 31 (add 25 (add z 31))) 0"
[2010-08-19 Thu 22:56:04]DEBUG   "eq (add x (add y (add z x))) 0 ----> eq (add 31 (add 25 (add z 31))) 0"
[2010-08-19 Thu 22:56:04]DEBUG   "eq (add x (add y (add z x))) 0 ----> eq (add 31 (add 25 (add z 31))) 0"
[2010-08-19 Thu 22:56:15]DEBUG   "eq (mul x a) 0 ----> eq (mul 31 a) 0"
[2010-08-19 Thu 22:56:15]DEBUG   "eq (mul x a) 0 ----> eq (mul 31 a) 0"
[2010-08-19 Thu 22:56:15]DEBUG   "eq (mul x a) 0 ----> eq (mul 31 a) 0"
[2010-08-19 Thu 22:56:15]DEBUG   "eq (mul x a) 0 ----> eq (mul 31 a) 0"
[2010-08-19 Thu 22:56:15]DEBUG   "eq (mul x a) 0 ----> eq (mul 31 a) 0"
[2010-08-19 Thu 22:56:15]DEBUG   "eq (mul x a) 0 ----> eq (mul 31 a) 0"
[2010-08-19 Thu 22:56:15]DEBUG   "eq (mul x a) 0 ----> eq (mul 31 a) 0"
[2010-08-19 Thu 22:56:15]DEBUG   "eq (mul x a) 0 ----> eq (mul 31 a) 0"
[2010-08-19 Thu 22:56:26]DEBUG   "eq (powr x 2) 0 ----> eq (powr 31 2) 0"
[2010-08-19 Thu 22:56:26]DEBUG   "eq (powr x 2) 0 ----> eq (powr 31 2) 0"
[2010-08-19 Thu 22:56:26]DEBUG   "eq (powr x 2) 0 ----> eq (powr 31 2) 0"
[2010-08-19 Thu 22:56:26]DEBUG   "eq (powr x 2) 0 ----> eq (powr 31 2) 0"
[2010-08-19 Thu 22:56:26]DEBUG   "eq (powr x 2) 0 ----> eq (powr 31 2) 0"
[2010-08-19 Thu 22:56:26]DEBUG   "eq (powr x 2) 0 ----> eq (powr 31 2) 0"
[2010-08-19 Thu 22:56:26]DEBUG   "eq (powr x 2) 0 ----> eq (powr 31 2) 0"
[2010-08-19 Thu 22:56:26]DEBUG   "eq (powr x 2) 0 ----> eq (powr 31 2) 0"
[2010-08-19 Thu 22:56:26]DEBUG   "eq (powr x 2) 0 ----> eq (powr 31 2) 0"
